FAILED tests/test_config/test_environments.py::TestProductionConfig::test_production_secrets_placeholders
FAILED tests/test_config/test_loader.py::TestConfigLoader::test_config_to_live_config_conversion
FAILED tests/test_config/test_validators.py::TestSpreadProfitabilityValidator::test_invalid_spread_too_low
FAILED tests/test_config/test_validators.py::TestRiskConstraintsValidator::test_invalid_daily_loss_too_low
FAILED tests/test_config/test_validators.py::TestSessionConfigValidator::test_invalid_session_config_live_paper
FAILED tests/test_d17_paper_engine.py::TestPaperEngine::test_basic_spread_win_scenario
FAILED tests/test_d17_paper_engine.py::TestPaperEngine::test_choppy_market_scenario
FAILED tests/test_d17_paper_engine.py::TestPaperEngine::test_stop_loss_trigger_scenario
FAILED tests/test_d17_simulated_exchange.py::TestSimulatedExchange::test_get_balance
FAILED tests/test_d17_simulated_exchange.py::TestSimulatedExchange::test_set_price
FAILED tests/test_d17_simulated_exchange.py::TestSimulatedExchange::test_market_buy_order
FAILED tests/test_d17_simulated_exchange.py::TestSimulatedExchange::test_market_sell_order
FAILED tests/test_d17_simulated_exchange.py::TestSimulatedExchange::test_partial_fill
FAILED tests/test_d17_simulated_exchange.py::TestSimulatedExchange::test_slippage
FAILED tests/test_d17_simulated_exchange.py::TestSimulatedExchange::test_fee_calculation
FAILED tests/test_d17_simulated_exchange.py::TestSimulatedExchange::test_cancel_order
FAILED tests/test_d17_simulated_exchange.py::TestSimulatedExchange::test_get_order_status
FAILED tests/test_d17_simulated_exchange.py::TestSimulatedExchange::test_get_stats
FAILED tests/test_d29_k8s_orchestrator.py::TestK8sJobGeneratorCLI::test_gen_k8s_jobs_script_execution
FAILED tests/test_d29_k8s_orchestrator.py::TestK8sJobGeneratorCLI::test_generated_yaml_structure
FAILED tests/test_d37_arbitrage_mvp.py::TestArbitrageEngine::test_detect_opportunity_no_spread
FAILED tests/test_d37_arbitrage_mvp.py::TestArbitrageEngine::test_detect_opportunity_long_b_short_a
FAILED tests/test_d37_arbitrage_mvp.py::TestArbitrageEngine::test_detect_opportunity_insufficient_spread
FAILED tests/test_d37_arbitrage_mvp.py::TestArbitrageEngine::test_on_snapshot_closes_trade_on_reversal
FAILED tests/test_d37_arbitrage_mvp.py::TestArbitrageBacktester::test_backtest_single_trade
FAILED tests/test_d42_binance_futures.py::TestBinanceFuturesExchangeBalance::test_get_balance
FAILED tests/test_d42_binance_futures.py::TestBinanceFuturesExchangeOrders::test_create_order_live_enabled
FAILED tests/test_d42_binance_futures.py::TestBinanceFuturesExchangeOrders::test_cancel_order_live_enabled
FAILED tests/test_d42_paper_exchange.py::TestPaperExchangeOrders::test_create_buy_order
FAILED tests/test_d42_paper_exchange.py::TestPaperExchangeOrders::test_cancel_order
FAILED tests/test_d42_paper_exchange.py::TestPaperExchangeOrders::test_get_order_status
FAILED tests/test_d42_paper_exchange.py::TestPaperExchangeBalance::test_balance_after_buy
FAILED tests/test_d42_paper_exchange.py::TestPaperExchangeBalance::test_balance_after_sell
FAILED tests/test_d42_upbit_spot.py::TestUpbitSpotExchangeOrderbook::test_get_orderbook
FAILED tests/test_d42_upbit_spot.py::TestUpbitSpotExchangeBalance::test_get_balance
FAILED tests/test_d42_upbit_spot.py::TestUpbitSpotExchangeOrders::test_create_order_live_enabled
FAILED tests/test_d42_upbit_spot.py::TestUpbitSpotExchangeOrders::test_cancel_order_live_enabled
FAILED tests/test_d43_live_runner.py::TestRunOnce::test_run_once_full_pipeline
FAILED tests/test_d44_live_paper_scenario.py::TestLiveRunnerPaperScenario::test_live_runner_basic_execution
FAILED tests/test_d44_live_paper_scenario.py::TestLiveRunnerPaperScenario::test_live_runner_with_risk_guard
FAILED tests/test_d44_live_paper_scenario.py::TestLiveRunnerWithDynamicPrices::test_live_runner_with_dynamic_prices
FAILED tests/test_d44_live_paper_scenario.py::TestLiveRunnerRiskGuardIntegration::test_riskguard_rejects_oversized_trade
FAILED tests/test_d49_5_binance_ws_adapter.py::TestD495BinanceWSAdapterBasics::test_binance_adapter_initialization
FAILED tests/test_d53_performance_loop.py::TestLoopMetricsOptimization::test_run_once_with_metrics_collector
FAILED tests/test_d54_async_wrapper.py::TestAsyncBackwardCompatibility::test_sync_run_once_still_works
FAILED tests/test_d55_async_full_transition.py::TestAsyncFullTransitionBackwardCompatibility::test_sync_runner_still_works
FAILED tests/test_d56_multisymbol_live_runner.py::TestMultiSymbolBackwardCompatibility::test_single_symbol_run_still_works
FAILED tests/test_d77_4_long_paper_harness.py::TestD77Runner::test_default_kpi_output_path
FAILED tests/test_d78_env_setup.py::test_validate_env_paper_missing_required
FAILED tests/test_d78_env_setup.py::test_validate_env_paper_complete - Assert...
FAILED tests/test_d78_env_setup.py::test_validate_env_verbose - AssertionErro...
FAILED tests/test_d78_env_setup.py::test_no_secret_values_in_validate_output
FAILED tests/test_d78_settings.py::TestSettingsBasic::test_postgres_dsn_generation
FAILED tests/test_d78_settings.py::TestSettingsBasic::test_redis_url_generation
FAILED tests/test_d79_4_executor.py::TestCrossExchangeExecutorBasic::test_executor_initialization
FAILED tests/test_d79_4_executor.py::TestCrossExchangeExecutorBasic::test_build_order_sizes
FAILED tests/test_d79_4_executor.py::TestCrossExchangeExecutorScenarios::test_execute_decision_full_fill_success
FAILED tests/test_d79_4_executor.py::TestCrossExchangeExecutorScenarios::test_execute_decision_risk_guard_block
FAILED tests/test_d79_4_executor.py::TestCrossExchangeExecutorScenarios::test_execute_decision_partial_fill_triggers_rollback
FAILED tests/test_d79_4_executor.py::TestCrossExchangeExecutorScenarios::test_execute_decision_health_degraded_no_trade
FAILED tests/test_d79_5_risk_guard.py::TestCrossExchangeRiskGuardBasic::test_risk_guard_allow_all
FAILED tests/test_d79_5_risk_guard.py::TestCrossExchangeRiskGuardCrossSync::test_exposure_limit_block
FAILED tests/test_d79_5_risk_guard.py::TestCrossExchangeRiskGuardCrossSync::test_inventory_imbalance_block
FAILED tests/test_d79_5_risk_guard.py::TestCrossExchangeRiskGuardPositionRules::test_directional_bias_positive_block
FAILED tests/test_d79_5_risk_guard.py::TestCrossExchangeRiskGuardPositionRules::test_directional_bias_negative_block
FAILED tests/test_d79_5_risk_guard.py::TestCrossExchangeRiskGuardPositionRules::test_directional_bias_skip_below_threshold
FAILED tests/test_d79_5_risk_guard.py::TestCircuitBreaker::test_daily_loss_limit_block
FAILED tests/test_d79_5_risk_guard.py::TestCircuitBreaker::test_consecutive_loss_limit_block
FAILED tests/test_d79_5_risk_guard.py::TestExecutorIntegration::test_executor_with_risk_guard_block
FAILED tests/test_d79_5_risk_guard.py::TestExecutorIntegration::test_executor_with_risk_guard_allow
FAILED tests/test_d79_5_risk_guard.py::TestAlertMetricHook::test_metrics_updated_on_block
FAILED tests/test_d79_6_monitoring.py::TestRiskGuardWithMetricsIntegration::test_risk_guard_exposure_limit_metrics
FAILED tests/test_d79_6_monitoring.py::TestRiskGuardWithMetricsIntegration::test_risk_guard_daily_loss_limit_metrics_and_alert
FAILED tests/test_d79_6_monitoring.py::TestExecutorWithMetricsIntegration::test_executor_success_metrics
FAILED tests/test_d80_2_exchange_universe_integration.py::test_executor_estimate_order_cost_returns_money
FAILED tests/test_d80_2_exchange_universe_integration.py::test_executor_upbit_notional_money_krw
FAILED tests/test_d80_2_exchange_universe_integration.py::test_executor_binance_notional_money_usdt
FAILED tests/test_d80_2_exchange_universe_integration.py::test_executor_existing_interface_unchanged
FAILED tests/test_d80_3_real_fx_provider.py::test_executor_estimate_order_cost_with_real_fx
FAILED tests/test_d80_3_real_fx_provider.py::test_executor_upbit_order_cost_krw
FAILED tests/test_d80_3_real_fx_provider.py::test_executor_binance_order_cost_usdt_to_krw
FAILED tests/test_d80_3_real_fx_provider.py::test_executor_stale_warning_log
FAILED tests/test_d80_3_real_fx_provider.py::test_executor_backward_compat_static_fx
FAILED tests/test_d80_3_real_fx_provider.py::test_executor_default_real_fx_provider
FAILED tests/test_d80_4_websocket_fx_provider.py::test_executor_with_ws_fx_provider
FAILED tests/test_d80_4_websocket_fx_provider.py::test_ws_update_to_executor_cost
FAILED tests/test_d80_4_websocket_fx_provider.py::test_backward_compatibility_real_fx_provider
FAILED tests/test_d80_5_multi_source_fx_provider.py::test_executor_with_multi_source_fx_provider
FAILED tests/test_d80_5_multi_source_fx_provider.py::test_backward_compatibility_websocket_fx_provider
FAILED tests/test_d80_5_multi_source_fx_provider.py::test_backward_compatibility_real_fx_provider
FAILED tests/test_d80_5_multi_source_fx_provider.py::test_source_update_to_cache_to_executor
FAILED tests/test_d80_7_int_hooks.py::TestExecutorIntegrationWithAlerts::test_executor_exception_triggers_alert
FAILED tests/test_d80_7_int_hooks.py::TestRiskGuardIntegrationWithAlerts::test_circuit_breaker_triggers_alert
FAILED tests/test_d80_9_alert_reliability.py::TestUnitReliabilityFxAlerts::test_fx001_normal_emission
FAILED tests/test_d80_9_alert_reliability.py::TestUnitReliabilityFxAlerts::test_fx001_throttling
FAILED tests/test_d80_9_alert_reliability.py::TestUnitReliabilityFxAlerts::test_fx001_throttling_expiry
FAILED tests/test_d80_9_alert_reliability.py::TestUnitReliabilityExecutorAlerts::test_ex001_throttling
FAILED tests/test_d80_9_alert_reliability.py::TestUnitReliabilityExecutorAlerts::test_ex002_normal_emission
FAILED tests/test_d80_9_alert_reliability.py::TestUnitReliabilityExecutorAlerts::test_ex002_throttling
FAILED tests/test_d80_9_alert_reliability.py::TestUnitReliabilityWebSocketAlerts::test_ws001_throttling
FAILED tests/test_d80_9_alert_reliability.py::TestUnitReliabilityWebSocketAlerts::test_ws002_normal_emission
FAILED tests/test_d80_9_alert_reliability.py::TestUnitReliabilityWebSocketAlerts::test_ws002_throttling
FAILED tests/test_d80_9_alert_reliability.py::TestIntegrationReliabilityFxLayer::test_single_source_down_scenario
FAILED tests/test_d80_9_alert_reliability.py::TestIntegrationReliabilityFxLayer::test_staleness_120s_scenario
FAILED tests/test_d80_9_alert_reliability.py::TestIntegrationReliabilityExecutorLayer::test_market_order_failure_scenario
FAILED tests/test_d80_9_alert_reliability.py::TestIntegrationReliabilityExecutorLayer::test_partial_fill_rollback_scenario
FAILED tests/test_d80_9_alert_reliability.py::TestIntegrationReliabilityRiskGuardLayer::test_exposure_limit_scenario
FAILED tests/test_d80_9_alert_reliability.py::TestIntegrationReliabilityWebSocketLayer::test_message_age_60s_scenario
FAILED tests/test_d80_9_alert_reliability.py::TestIntegrationReliabilityWebSocketLayer::test_reconnect_5_failures_scenario
FAILED tests/test_d80_9_alert_reliability.py::TestStressAlertSystem::test_20k_alerts_stress
FAILED tests/test_d80_9_alert_reliability.py::TestStressAlertSystem::test_concurrent_alerts
FAILED tests/test_d80_9_alert_reliability.py::TestStressAlertSystem::test_mixed_fault_scenario
FAILED tests/test_d81_0_executor_factory_integration.py::TestExecutorFactoryFillModelIntegration::test_factory_advanced_fill_model_fallback_to_simple
FAILED tests/test_d87_3_duration_guard.py::TestDurationGuard::test_runner_10s_duration_realistic
FAILED tests/test_d87_3_duration_guard.py::TestDurationGuard::test_runner_30s_duration
FAILED tests/test_d87_3_duration_guard.py::TestDurationGuard::test_runner_heartbeat_logging
FAILED tests/test_d87_3_duration_guard.py::TestDurationGuard::test_runner_duration_overrun_warning
FAILED tests/test_d89_0_zone_preference.py::TestD89ZonePreferenceWeightTuning::test_t1_advisory_vs_strict_score_comparison
FAILED tests/test_d89_0_zone_preference.py::TestD89ZonePreferenceWeightTuning::test_t2_config_zone_preference_values
FAILED tests/test_d89_0_zone_preference.py::TestD89ZonePreferenceWeightTuning::test_t3_score_clipping_to_100
FAILED tests/test_d89_0_zone_preference.py::TestD89ZonePreferenceWeightTuning::test_t5_z3_z4_weights
FAILED tests/test_d91_3_tier23_profile_tuning.py::TestD91_3SymbolMappingExtension::test_doge_advisory_profile_selection
FAILED tests/test_d98_2_integration_readonly.py::TestPreflightReadOnlyEnforcement::test_preflight_environment_forces_readonly_mode
FAILED tests/test_telegram_notifier.py::TestTelegramNotifier::test_is_available_false
