FAILED tests/test_config/test_environments.py::TestProductionConfig::test_production_secrets_placeholders
FAILED tests/test_config/test_validators.py::TestSpreadProfitabilityValidator::test_invalid_spread_too_low
FAILED tests/test_config/test_validators.py::TestRiskConstraintsValidator::test_invalid_daily_loss_too_low
FAILED tests/test_d37_arbitrage_mvp.py::TestArbitrageEngine::test_detect_opportunity_no_spread
FAILED tests/test_d37_arbitrage_mvp.py::TestArbitrageEngine::test_detect_opportunity_long_b_short_a
FAILED tests/test_d37_arbitrage_mvp.py::TestArbitrageEngine::test_detect_opportunity_insufficient_spread
FAILED tests/test_d37_arbitrage_mvp.py::TestArbitrageEngine::test_on_snapshot_closes_trade_on_reversal
FAILED tests/test_d37_arbitrage_mvp.py::TestArbitrageBacktester::test_backtest_single_trade
FAILED tests/test_d42_binance_futures.py::TestBinanceFuturesExchangeBalance::test_get_balance
FAILED tests/test_d42_binance_futures.py::TestBinanceFuturesExchangeOrders::test_create_order_live_enabled
FAILED tests/test_d42_binance_futures.py::TestBinanceFuturesExchangeOrders::test_cancel_order_live_enabled
FAILED tests/test_d42_upbit_spot.py::TestUpbitSpotExchangeOrderbook::test_get_orderbook
FAILED tests/test_d42_upbit_spot.py::TestUpbitSpotExchangeBalance::test_get_balance
FAILED tests/test_d42_upbit_spot.py::TestUpbitSpotExchangeOrders::test_create_order_live_enabled
FAILED tests/test_d42_upbit_spot.py::TestUpbitSpotExchangeOrders::test_cancel_order_live_enabled
FAILED tests/test_d43_live_runner.py::TestRunOnce::test_run_once_full_pipeline
FAILED tests/test_d44_live_paper_scenario.py::TestLiveRunnerPaperScenario::test_live_runner_basic_execution
FAILED tests/test_d44_live_paper_scenario.py::TestLiveRunnerPaperScenario::test_live_runner_with_risk_guard
FAILED tests/test_d44_live_paper_scenario.py::TestLiveRunnerWithDynamicPrices::test_live_runner_with_dynamic_prices
FAILED tests/test_d44_live_paper_scenario.py::TestLiveRunnerRiskGuardIntegration::test_riskguard_rejects_oversized_trade
FAILED tests/test_d49_5_binance_ws_adapter.py::TestD495BinanceWSAdapterBasics::test_binance_adapter_initialization
FAILED tests/test_d50_metrics_server.py::TestD50MetricsServerBasics::test_metrics_server_health_endpoint
FAILED tests/test_d50_metrics_server.py::TestD50MetricsServerBasics::test_metrics_server_metrics_endpoint_json
FAILED tests/test_d50_metrics_server.py::TestD50MetricsServerBasics::test_metrics_server_metrics_endpoint_prometheus
FAILED tests/test_d50_metrics_server.py::TestD50MetricsServerJSON::test_json_format_complete
FAILED tests/test_d50_metrics_server.py::TestD50MetricsServerEdgeCases::test_metrics_server_empty_collector
FAILED tests/test_d50_metrics_server.py::TestD50MetricsServerEdgeCases::test_metrics_server_ws_status_true
FAILED tests/test_d50_metrics_server.py::TestD50MetricsServerEdgeCases::test_metrics_server_ws_status_false
FAILED tests/test_d50_metrics_server_fixed.py::TestD50MetricsServerBasics::test_metrics_server_health_endpoint
FAILED tests/test_d50_metrics_server_fixed.py::TestD50MetricsServerBasics::test_metrics_server_metrics_endpoint_json
FAILED tests/test_d50_metrics_server_fixed.py::TestD50MetricsServerBasics::test_metrics_server_metrics_endpoint_prometheus
FAILED tests/test_d50_metrics_server_fixed.py::TestD50MetricsServerJSON::test_json_format_complete
FAILED tests/test_d50_metrics_server_fixed.py::TestD50MetricsServerEdgeCases::test_metrics_server_empty_collector
FAILED tests/test_d50_metrics_server_fixed.py::TestD50MetricsServerEdgeCases::test_metrics_server_ws_status_true
FAILED tests/test_d50_metrics_server_fixed.py::TestD50MetricsServerEdgeCases::test_metrics_server_ws_status_false
FAILED tests/test_d53_performance_loop.py::TestLoopMetricsOptimization::test_run_once_with_metrics_collector
FAILED tests/test_d54_async_wrapper.py::TestAsyncBackwardCompatibility::test_sync_run_once_still_works
FAILED tests/test_d55_async_full_transition.py::TestAsyncFullTransitionBackwardCompatibility::test_sync_runner_still_works
FAILED tests/test_d56_multisymbol_live_runner.py::TestMultiSymbolBackwardCompatibility::test_single_symbol_run_still_works
FAILED tests/test_d77_4_long_paper_harness.py::TestD77Runner::test_default_kpi_output_path
FAILED tests/test_d78_env_setup.py::test_validate_env_paper_missing_required
FAILED tests/test_d78_env_setup.py::test_validate_env_paper_complete - Assert...
FAILED tests/test_d78_env_setup.py::test_validate_env_verbose - AssertionErro...
FAILED tests/test_d78_env_setup.py::test_no_secret_values_in_validate_output
FAILED tests/test_d78_settings.py::TestSettingsBasic::test_postgres_dsn_generation
FAILED tests/test_d78_settings.py::TestSettingsBasic::test_redis_url_generation
FAILED tests/test_d79_4_executor.py::TestCrossExchangeExecutorBasic::test_executor_initialization
FAILED tests/test_d79_4_executor.py::TestCrossExchangeExecutorBasic::test_build_order_sizes
FAILED tests/test_d79_4_executor.py::TestCrossExchangeExecutorScenarios::test_execute_decision_full_fill_success
FAILED tests/test_d79_4_executor.py::TestCrossExchangeExecutorScenarios::test_execute_decision_risk_guard_block
FAILED tests/test_d79_4_executor.py::TestCrossExchangeExecutorScenarios::test_execute_decision_partial_fill_triggers_rollback
FAILED tests/test_d79_4_executor.py::TestCrossExchangeExecutorScenarios::test_execute_decision_health_degraded_no_trade
FAILED tests/test_d79_5_risk_guard.py::TestExecutorIntegration::test_executor_with_risk_guard_block
FAILED tests/test_d79_5_risk_guard.py::TestExecutorIntegration::test_executor_with_risk_guard_allow
FAILED tests/test_d79_6_monitoring.py::TestExecutorWithMetricsIntegration::test_executor_success_metrics
FAILED tests/test_d80_2_exchange_universe_integration.py::test_executor_estimate_order_cost_returns_money
FAILED tests/test_d80_2_exchange_universe_integration.py::test_executor_upbit_notional_money_krw
FAILED tests/test_d80_2_exchange_universe_integration.py::test_executor_binance_notional_money_usdt
FAILED tests/test_d80_2_exchange_universe_integration.py::test_executor_existing_interface_unchanged
FAILED tests/test_d80_3_real_fx_provider.py::test_executor_estimate_order_cost_with_real_fx
FAILED tests/test_d80_3_real_fx_provider.py::test_executor_upbit_order_cost_krw
FAILED tests/test_d80_3_real_fx_provider.py::test_executor_binance_order_cost_usdt_to_krw
FAILED tests/test_d80_3_real_fx_provider.py::test_executor_stale_warning_log
FAILED tests/test_d80_3_real_fx_provider.py::test_executor_backward_compat_static_fx
FAILED tests/test_d80_3_real_fx_provider.py::test_executor_default_real_fx_provider
FAILED tests/test_d80_4_websocket_fx_provider.py::test_executor_with_ws_fx_provider
FAILED tests/test_d80_4_websocket_fx_provider.py::test_ws_update_to_executor_cost
FAILED tests/test_d80_4_websocket_fx_provider.py::test_backward_compatibility_real_fx_provider
FAILED tests/test_d80_5_multi_source_fx_provider.py::test_executor_with_multi_source_fx_provider
FAILED tests/test_d80_5_multi_source_fx_provider.py::test_backward_compatibility_websocket_fx_provider
FAILED tests/test_d80_5_multi_source_fx_provider.py::test_backward_compatibility_real_fx_provider
FAILED tests/test_d80_5_multi_source_fx_provider.py::test_source_update_to_cache_to_executor
FAILED tests/test_d80_7_int_hooks.py::TestExecutorIntegrationWithAlerts::test_executor_exception_triggers_alert
FAILED tests/test_d80_9_alert_reliability.py::TestUnitReliabilityFxAlerts::test_fx001_normal_emission
FAILED tests/test_d80_9_alert_reliability.py::TestUnitReliabilityFxAlerts::test_fx001_throttling
FAILED tests/test_d80_9_alert_reliability.py::TestUnitReliabilityFxAlerts::test_fx001_throttling_expiry
FAILED tests/test_d81_0_executor_factory_integration.py::TestExecutorFactoryFillModelIntegration::test_factory_advanced_fill_model_fallback_to_simple
FAILED tests/test_d89_0_zone_preference.py::TestD89ZonePreferenceWeightTuning::test_t1_advisory_vs_strict_score_comparison
FAILED tests/test_d89_0_zone_preference.py::TestD89ZonePreferenceWeightTuning::test_t2_config_zone_preference_values
FAILED tests/test_d89_0_zone_preference.py::TestD89ZonePreferenceWeightTuning::test_t3_score_clipping_to_100
FAILED tests/test_d89_0_zone_preference.py::TestD89ZonePreferenceWeightTuning::test_t5_z3_z4_weights
FAILED tests/test_d91_3_tier23_profile_tuning.py::TestD91_3SymbolMappingExtension::test_doge_advisory_profile_selection
FAILED tests/test_d98_2_integration_readonly.py::TestPreflightReadOnlyEnforcement::test_preflight_environment_forces_readonly_mode
